#
# There is insufficient memory for the Java Runtime Environment to continue.
# Native memory allocation (malloc) failed to allocate 911696 bytes for Chunk::new
# Possible reasons:
#   The system is out of physical RAM or swap space
#   In 32 bit mode, the process size limit was hit
# Possible solutions:
#   Reduce memory load on the system
#   Increase physical memory or swap space
#   Check if swap backing store is full
#   Use 64 bit Java on a 64 bit OS
#   Decrease Java heap size (-Xmx/-Xms)
#   Decrease number of Java threads
#   Decrease Java thread stack sizes (-Xss)
#   Set larger code cache with -XX:ReservedCodeCacheSize=
# This output file may be truncated or incomplete.
#
#  Out of Memory Error (allocation.cpp:390), pid=11688, tid=0x00000000000037a4
#
# JRE version: Java(TM) SE Runtime Environment (8.0_144-b01) (build 1.8.0_144-b01)
# Java VM: Java HotSpot(TM) 64-Bit Server VM (25.144-b01 mixed mode windows-amd64 compressed oops)
# Failed to write core dump. Minidumps are not enabled by default on client versions of Windows
#

---------------  T H R E A D  ---------------

Current thread (0x0000000017dd3000):  JavaThread "C2 CompilerThread0" daemon [_thread_in_native, id=14244, stack(0x00000000192f0000,0x00000000193f0000)]

Stack: [0x00000000192f0000,0x00000000193f0000]
[error occurred during error reporting (printing stack bounds), id 0xc0000005]

Native frames: (J=compiled Java code, j=interpreted, Vv=VM code, C=native code)


Current CompileTask:
C2:   3837 2829       4       java.io.WinNTFileSystem::normalize (143 bytes)


---------------  P R O C E S S  ---------------

Java Threads: ( => current thread )
  0x0000000019570800 JavaThread "Service Thread" daemon [_thread_blocked, id=896, stack(0x00000000199f0000,0x0000000019af0000)]
  0x0000000017df5000 JavaThread "C1 CompilerThread2" daemon [_thread_blocked, id=5828, stack(0x00000000198f0000,0x00000000199f0000)]
  0x0000000017df4000 JavaThread "C2 CompilerThread1" daemon [_thread_in_native, id=9348, stack(0x00000000193f0000,0x00000000194f0000)]
=>0x0000000017dd3000 JavaThread "C2 CompilerThread0" daemon [_thread_in_native, id=14244, stack(0x00000000192f0000,0x00000000193f0000)]
  0x0000000017dd1000 JavaThread "Attach Listener" daemon [_thread_blocked, id=11964, stack(0x00000000191f0000,0x00000000192f0000)]
  0x0000000017de6800 JavaThread "Signal Dispatcher" daemon [_thread_blocked, id=8120, stack(0x00000000190f0000,0x00000000191f0000)]
  0x000000000326e800 JavaThread "Finalizer" daemon [_thread_blocked, id=4244, stack(0x0000000018ff0000,0x00000000190f0000)]
  0x0000000017d69800 JavaThread "Reference Handler" daemon [_thread_blocked, id=6244, stack(0x0000000018ef0000,0x0000000018ff0000)]
  0x000000000316d800 JavaThread "main" [_thread_in_vm, id=13400, stack(0x0000000003000000,0x0000000003100000)]

Other Threads:
  0x0000000017d66800 VMThread [stack: 0x0000000018df0000,0x0000000018ef0000] [id=10576]
  0x0000000019537800 WatcherThread [stack: 0x0000000019af0000,0x0000000019bf0000] [id=8972]

VM state:not at safepoint (normal execution)

VM Mutex/Monitor currently owned by a thread: None

Heap:
 PSYoungGen      total 71680K, used 47467K [0x00000000d5f00000, 0x00000000daa00000, 0x0000000100000000)
  eden space 66560K, 63% used [0x00000000d5f00000,0x00000000d8860c00,0x00000000da000000)
  from space 5120K, 99% used [0x00000000da500000,0x00000000da9fa020,0x00000000daa00000)
  to   space 5120K, 0% used [0x00000000da000000,0x00000000da000000,0x00000000da500000)
 ParOldGen       total 87552K, used 10306K [0x0000000081c00000, 0x0000000087180000, 0x00000000d5f00000)
  object space 87552K, 11% used [0x0000000081c00000,0x0000000082610af8,0x0000000087180000)
 Metaspace       used 16516K, capacity 16954K, committed 17280K, reserved 1064960K
  class space    used 1958K, capacity 2093K, committed 2176K, reserved 1048576K

Card table byte_map: [0x0000000012630000,0x0000000012a30000] byte_map_base: 0x0000000012222000

Marking Bits: (ParMarkBitMap*) 0x0000000056e6d850
 Begin Bits: [0x00000000130e0000, 0x0000000015070000)
 End Bits:   [0x0000000015070000, 0x0000000017000000)

Polling page: 0x0000000002c20000

CodeCache: size=245760Kb used=10429Kb max_used=10429Kb free=235330Kb
 bounds [0x0000000003270000, 0x0000000003cb0000, 0x0000000012270000]
 total_blobs=3343 nmethods=2997 adapters=258
 compilation: enabled

Compilation events (10 events):
Event: 3.767 Thread 0x0000000017df5000 2948       3       org.codehaus.plexus.util.ReaderFactory::newXmlReader (9 bytes)
Event: 3.767 Thread 0x0000000017df5000 nmethod 2948 0x0000000003c70d50 code [0x0000000003c70ec0, 0x0000000003c71148]
Event: 3.767 Thread 0x0000000017df5000 2950       3       org.apache.maven.model.inheritance.DefaultInheritanceAssembler$InheritanceModelMerger::appendPath (63 bytes)
Event: 3.767 Thread 0x0000000017df5000 nmethod 2950 0x0000000003c71290 code [0x0000000003c71480, 0x0000000003c71f18]
Event: 3.767 Thread 0x0000000017df5000 2951       3       org.eclipse.aether.internal.impl.DefaultDependencyCollector$PremanagedDependency::create (228 bytes)
Event: 3.769 Thread 0x0000000017df5000 nmethod 2951 0x0000000003c72490 code [0x0000000003c727e0, 0x0000000003c74bd8]
Event: 3.769 Thread 0x0000000017df5000 2952       3       org.eclipse.aether.internal.impl.DefaultDependencyCollector::createVersionRangeRequest (46 bytes)
Event: 3.769 Thread 0x0000000017df5000 nmethod 2952 0x0000000003c75a50 code [0x0000000003c75c00, 0x0000000003c76530]
Event: 3.769 Thread 0x0000000017df5000 2949       3       org.codehaus.plexus.util.xml.XmlStreamReader::<init> (6 bytes)
Event: 3.770 Thread 0x0000000017df5000 nmethod 2949 0x0000000003c76810 code [0x0000000003c76980, 0x0000000003c76b68]

GC Heap History (8 events):
Event: 0.804 GC heap before
{Heap before GC invocations=1 (full 0):
 PSYoungGen      total 38400K, used 33280K [0x00000000d5f00000, 0x00000000d8980000, 0x0000000100000000)
  eden space 33280K, 100% used [0x00000000d5f00000,0x00000000d7f80000,0x00000000d7f80000)
  from space 5120K, 0% used [0x00000000d8480000,0x00000000d8480000,0x00000000d8980000)
  to   space 5120K, 0% used [0x00000000d7f80000,0x00000000d7f80000,0x00000000d8480000)
 ParOldGen       total 87552K, used 0K [0x0000000081c00000, 0x0000000087180000, 0x00000000d5f00000)
  object space 87552K, 0% used [0x0000000081c00000,0x0000000081c00000,0x0000000087180000)
 Metaspace       used 8206K, capacity 8360K, committed 8576K, reserved 1056768K
  class space    used 1023K, capacity 1084K, committed 1152K, reserved 1048576K
Event: 0.810 GC heap after
Heap after GC invocations=1 (full 0):
 PSYoungGen      total 38400K, used 5113K [0x00000000d5f00000, 0x00000000d8980000, 0x0000000100000000)
  eden space 33280K, 0% used [0x00000000d5f00000,0x00000000d5f00000,0x00000000d7f80000)
  from space 5120K, 99% used [0x00000000d7f80000,0x00000000d847e678,0x00000000d8480000)
  to   space 5120K, 0% used [0x00000000d8480000,0x00000000d8480000,0x00000000d8980000)
 ParOldGen       total 87552K, used 485K [0x0000000081c00000, 0x0000000087180000, 0x00000000d5f00000)
  object space 87552K, 0% used [0x0000000081c00000,0x0000000081c79708,0x0000000087180000)
 Metaspace       used 8206K, capacity 8360K, committed 8576K, reserved 1056768K
  class space    used 1023K, capacity 1084K, committed 1152K, reserved 1048576K
}
Event: 1.428 GC heap before
{Heap before GC invocations=2 (full 0):
 PSYoungGen      total 38400K, used 38393K [0x00000000d5f00000, 0x00000000d8980000, 0x0000000100000000)
  eden space 33280K, 100% used [0x00000000d5f00000,0x00000000d7f80000,0x00000000d7f80000)
  from space 5120K, 99% used [0x00000000d7f80000,0x00000000d847e678,0x00000000d8480000)
  to   space 5120K, 0% used [0x00000000d8480000,0x00000000d8480000,0x00000000d8980000)
 ParOldGen       total 87552K, used 485K [0x0000000081c00000, 0x0000000087180000, 0x00000000d5f00000)
  object space 87552K, 0% used [0x0000000081c00000,0x0000000081c79708,0x0000000087180000)
 Metaspace       used 12865K, capacity 13068K, committed 13312K, reserved 1060864K
  class space    used 1630K, capacity 1708K, committed 1792K, reserved 1048576K
Event: 1.441 GC heap after
Heap after GC invocations=2 (full 0):
 PSYoungGen      total 38400K, used 5116K [0x00000000d5f00000, 0x00000000daa00000, 0x0000000100000000)
  eden space 33280K, 0% used [0x00000000d5f00000,0x00000000d5f00000,0x00000000d7f80000)
  from space 5120K, 99% used [0x00000000d8480000,0x00000000d897f340,0x00000000d8980000)
  to   space 5120K, 0% used [0x00000000d7f80000,0x00000000d7f80000,0x00000000d8480000)
 ParOldGen       total 87552K, used 3389K [0x0000000081c00000, 0x0000000087180000, 0x00000000d5f00000)
  object space 87552K, 3% used [0x0000000081c00000,0x0000000081f4f648,0x0000000087180000)
 Metaspace       used 12865K, capacity 13068K, committed 13312K, reserved 1060864K
  class space    used 1630K, capacity 1708K, committed 1792K, reserved 1048576K
}
Event: 2.328 GC heap before
{Heap before GC invocations=3 (full 0):
 PSYoungGen      total 38400K, used 38396K [0x00000000d5f00000, 0x00000000daa00000, 0x0000000100000000)
  eden space 33280K, 100% used [0x00000000d5f00000,0x00000000d7f80000,0x00000000d7f80000)
  from space 5120K, 99% used [0x00000000d8480000,0x00000000d897f340,0x00000000d8980000)
  to   space 5120K, 0% used [0x00000000d7f80000,0x00000000d7f80000,0x00000000d8480000)
 ParOldGen       total 87552K, used 3389K [0x0000000081c00000, 0x0000000087180000, 0x00000000d5f00000)
  object space 87552K, 3% used [0x0000000081c00000,0x0000000081f4f648,0x0000000087180000)
 Metaspace       used 14913K, capacity 15182K, committed 15488K, reserved 1062912K
  class space    used 1819K, capacity 1911K, committed 1920K, reserved 1048576K
Event: 2.338 GC heap after
Heap after GC invocations=3 (full 0):
 PSYoungGen      total 38400K, used 5096K [0x00000000d5f00000, 0x00000000daa00000, 0x0000000100000000)
  eden space 33280K, 0% used [0x00000000d5f00000,0x00000000d5f00000,0x00000000d7f80000)
  from space 5120K, 99% used [0x00000000d7f80000,0x00000000d847a020,0x00000000d8480000)
  to   space 5120K, 0% used [0x00000000da500000,0x00000000da500000,0x00000000daa00000)
 ParOldGen       total 87552K, used 6886K [0x0000000081c00000, 0x0000000087180000, 0x00000000d5f00000)
  object space 87552K, 7% used [0x0000000081c00000,0x00000000822b9aa0,0x0000000087180000)
 Metaspace       used 14913K, capacity 15182K, committed 15488K, reserved 1062912K
  class space    used 1819K, capacity 1911K, committed 1920K, reserved 1048576K
}
Event: 3.145 GC heap before
{Heap before GC invocations=4 (full 0):
 PSYoungGen      total 38400K, used 38376K [0x00000000d5f00000, 0x00000000daa00000, 0x0000000100000000)
  eden space 33280K, 100% used [0x00000000d5f00000,0x00000000d7f80000,0x00000000d7f80000)
  from space 5120K, 99% used [0x00000000d7f80000,0x00000000d847a020,0x00000000d8480000)
  to   space 5120K, 0% used [0x00000000da500000,0x00000000da500000,0x00000000daa00000)
 ParOldGen       total 87552K, used 6886K [0x0000000081c00000, 0x0000000087180000, 0x00000000d5f00000)
  object space 87552K, 7% used [0x0000000081c00000,0x00000000822b9aa0,0x0000000087180000)
 Metaspace       used 15363K, capacity 15634K, committed 15872K, reserved 1062912K
  class space    used 1854K, capacity 1949K, committed 2048K, reserved 1048576K
Event: 3.174 GC heap after
Heap after GC invocations=4 (full 0):
 PSYoungGen      total 71680K, used 5096K [0x00000000d5f00000, 0x00000000daa00000, 0x0000000100000000)
  eden space 66560K, 0% used [0x00000000d5f00000,0x00000000d5f00000,0x00000000da000000)
  from space 5120K, 99% used [0x00000000da500000,0x00000000da9fa020,0x00000000daa00000)
  to   space 5120K, 0% used [0x00000000da000000,0x00000000da000000,0x00000000da500000)
 ParOldGen       total 87552K, used 10306K [0x0000000081c00000, 0x0000000087180000, 0x00000000d5f00000)
  object space 87552K, 11% used [0x0000000081c00000,0x0000000082610af8,0x0000000087180000)
 Metaspace       used 15363K, capacity 15634K, committed 15872K, reserved 1062912K
  class space    used 1854K, capacity 1949K, committed 2048K, reserved 1048576K
}

Deoptimization events (10 events):
Event: 2.931 Thread 0x000000000316d800 Uncommon trap: reason=speculate_class_check action=maybe_recompile pc=0x0000000003a344dc method=java.nio.charset.CharsetDecoder.decode(Ljava/nio/ByteBuffer;Ljava/nio/CharBuffer;Z)Ljava/nio/charset/CoderResult; @ 57
Event: 2.963 Thread 0x000000000316d800 Uncommon trap: reason=unstable_if action=reinterpret pc=0x0000000003a59a8c method=java.util.HashMap.getNode(ILjava/lang/Object;)Ljava/util/HashMap$Node; @ 53
Event: 2.963 Thread 0x000000000316d800 Uncommon trap: reason=unstable_if action=reinterpret pc=0x0000000003627c84 method=java.util.HashMap.getNode(ILjava/lang/Object;)Ljava/util/HashMap$Node; @ 53
Event: 3.102 Thread 0x000000000316d800 Uncommon trap: reason=bimorphic action=maybe_recompile pc=0x00000000037df214 method=java.util.concurrent.ConcurrentHashMap.get(Ljava/lang/Object;)Ljava/lang/Object; @ 149
Event: 3.115 Thread 0x000000000316d800 Uncommon trap: reason=bimorphic action=maybe_recompile pc=0x00000000037df214 method=java.util.concurrent.ConcurrentHashMap.get(Ljava/lang/Object;)Ljava/lang/Object; @ 149
Event: 3.119 Thread 0x000000000316d800 Uncommon trap: reason=bimorphic action=maybe_recompile pc=0x00000000037df214 method=java.util.concurrent.ConcurrentHashMap.get(Ljava/lang/Object;)Ljava/lang/Object; @ 149
Event: 3.234 Thread 0x000000000316d800 Uncommon trap: reason=bimorphic action=maybe_recompile pc=0x00000000037df214 method=java.util.concurrent.ConcurrentHashMap.get(Ljava/lang/Object;)Ljava/lang/Object; @ 149
Event: 3.322 Thread 0x000000000316d800 Uncommon trap: reason=unstable_if action=reinterpret pc=0x00000000038150dc method=java.util.LinkedHashMap.afterNodeInsertion(Z)V @ 18
Event: 3.461 Thread 0x000000000316d800 Uncommon trap: reason=bimorphic action=maybe_recompile pc=0x0000000003825b90 method=java.util.regex.Pattern$CharProperty.match(Ljava/util/regex/Matcher;ILjava/lang/CharSequence;)Z @ 37
Event: 3.466 Thread 0x000000000316d800 Uncommon trap: reason=null_check action=make_not_entrant pc=0x0000000003a77334 method=com.google.inject.internal.InjectorImpl.callInContext(Lcom/google/inject/internal/ContextualCallable;)Ljava/lang/Object; @ 7

Internal exceptions (10 events):
Event: 1.516 Thread 0x000000000316d800 Exception <a 'java/lang/NullPointerException'> (0x00000000d62e10f0) thrown at [C:\re\workspace\8-2-build-windows-amd64-cygwin\jdk8u144\9417\hotspot\src\share\vm\interpreter\linkResolver.cpp, line 1197]
Event: 1.516 Thread 0x000000000316d800 Exception <a 'java/lang/NullPointerException'> (0x00000000d62e1308) thrown at [C:\re\workspace\8-2-build-windows-amd64-cygwin\jdk8u144\9417\hotspot\src\share\vm\interpreter\linkResolver.cpp, line 1197]
Event: 1.516 Thread 0x000000000316d800 Exception <a 'java/lang/NullPointerException'> (0x00000000d62e1520) thrown at [C:\re\workspace\8-2-build-windows-amd64-cygwin\jdk8u144\9417\hotspot\src\share\vm\interpreter\linkResolver.cpp, line 1197]
Event: 1.794 Thread 0x000000000316d800 Implicit null exception at 0x0000000003822119 to 0x0000000003822525
Event: 2.400 Thread 0x000000000316d800 Implicit null exception at 0x00000000035e55d5 to 0x00000000035e57ad
Event: 2.400 Thread 0x000000000316d800 Implicit null exception at 0x000000000353346f to 0x00000000035334d9
Event: 2.402 Thread 0x000000000316d800 Implicit null exception at 0x000000000392a955 to 0x000000000392ab55
Event: 2.402 Thread 0x000000000316d800 Implicit null exception at 0x0000000003824da3 to 0x0000000003824e91
Event: 2.402 Thread 0x000000000316d800 Implicit null exception at 0x00000000035a237b to 0x00000000035a2961
Event: 3.466 Thread 0x000000000316d800 Implicit null exception at 0x0000000003a76228 to 0x0000000003a77325

Events (10 events):
Event: 3.504 loading class org/apache/maven/plugin/logging/Log
Event: 3.504 loading class org/apache/maven/plugin/logging/Log done
Event: 3.504 loading class org/apache/maven/artifact/resolver/filter/CumulativeScopeArtifactFilter
Event: 3.504 loading class org/apache/maven/artifact/resolver/filter/CumulativeScopeArtifactFilter done
Event: 3.504 loading class org/apache/maven/artifact/resolver/filter/AbstractScopeArtifactFilter
Event: 3.504 loading class org/apache/maven/artifact/resolver/filter/AbstractScopeArtifactFilter done
Event: 3.653 Thread 0x000000000316d800 DEOPT PACKING pc=0x0000000003866ba2 sp=0x00000000030fc7b0
Event: 3.653 Thread 0x000000000316d800 DEOPT UNPACKING pc=0x00000000032b787f sp=0x00000000030fc518 mode 0
Event: 3.715 loading class org/eclipse/aether/collection/DependencyManagement
Event: 3.715 loading class org/eclipse/aether/collection/DependencyManagement done


Dynamic libraries:
0x00007ff7c3a80000 - 0x00007ff7c3ab7000 	C:\Program Files\Java\jdk1.8.0_144\bin\javaw.exe
0x00007ffafaa70000 - 0x00007ffafac5d000 	C:\Windows\SYSTEM32\ntdll.dll
0x00007ffaf8180000 - 0x00007ffaf8233000 	C:\Windows\System32\KERNEL32.DLL
0x00007ffaf7750000 - 0x00007ffaf79e3000 	C:\Windows\System32\KERNELBASE.dll
0x00007ffaf8c50000 - 0x00007ffaf8cf3000 	C:\Windows\System32\ADVAPI32.dll
0x00007ffaf8bb0000 - 0x00007ffaf8c4e000 	C:\Windows\System32\msvcrt.dll
0x00007ffaf8350000 - 0x00007ffaf83ee000 	C:\Windows\System32\sechost.dll
0x00007ffaf9270000 - 0x00007ffaf9392000 	C:\Windows\System32\RPCRT4.dll
0x00007ffaf8d00000 - 0x00007ffaf8e97000 	C:\Windows\System32\USER32.dll
0x00007ffaf7a90000 - 0x00007ffaf7ab0000 	C:\Windows\System32\win32u.dll
0x00007ffaf7f20000 - 0x00007ffaf7f49000 	C:\Windows\System32\GDI32.dll
0x00007ffaf7b00000 - 0x00007ffaf7c99000 	C:\Windows\System32\gdi32full.dll
0x00007ffaf79f0000 - 0x00007ffaf7a90000 	C:\Windows\System32\msvcp_win.dll
0x00007ffaf7310000 - 0x00007ffaf740a000 	C:\Windows\System32\ucrtbase.dll
0x00007ffae0600000 - 0x00007ffae0879000 	C:\Windows\WinSxS\amd64_microsoft.windows.common-controls_6595b64144ccf1df_6.0.17763.652_none_05b13fdc0722da13\COMCTL32.dll
0x00007ffaf8f40000 - 0x00007ffaf926c000 	C:\Windows\System32\combase.dll
0x00007ffaf6b40000 - 0x00007ffaf6bbe000 	C:\Windows\System32\bcryptPrimitives.dll
0x00007ffaf8b60000 - 0x00007ffaf8b8e000 	C:\Windows\System32\IMM32.DLL
0x00000000560c0000 - 0x0000000056192000 	C:\Program Files\Java\jdk1.8.0_144\jre\bin\msvcr100.dll
0x0000000056650000 - 0x0000000056eed000 	C:\Program Files\Java\jdk1.8.0_144\jre\bin\server\jvm.dll
0x00007ffaf8ba0000 - 0x00007ffaf8ba8000 	C:\Windows\System32\PSAPI.DLL
0x00007ffaf0930000 - 0x00007ffaf093a000 	C:\Windows\SYSTEM32\VERSION.dll
0x00007ffaf4150000 - 0x00007ffaf4174000 	C:\Windows\SYSTEM32\WINMM.dll
0x00007ffaf4070000 - 0x00007ffaf409d000 	C:\Windows\SYSTEM32\winmmbase.dll
0x00007ffae2c50000 - 0x00007ffae2c59000 	C:\Windows\SYSTEM32\WSOCK32.dll
0x00007ffaf8af0000 - 0x00007ffaf8b5d000 	C:\Windows\System32\WS2_32.dll
0x00007ffaf7700000 - 0x00007ffaf774a000 	C:\Windows\System32\cfgmgr32.dll
0x0000000057270000 - 0x000000005727f000 	C:\Program Files\Java\jdk1.8.0_144\jre\bin\verify.dll
0x0000000057240000 - 0x0000000057269000 	C:\Program Files\Java\jdk1.8.0_144\jre\bin\java.dll
0x0000000056550000 - 0x0000000056566000 	C:\Program Files\Java\jdk1.8.0_144\jre\bin\zip.dll
0x00007ffaf93a0000 - 0x00007ffafa890000 	C:\Windows\System32\SHELL32.dll
0x00007ffaf8870000 - 0x00007ffaf8918000 	C:\Windows\System32\shcore.dll
0x00007ffaf6bc0000 - 0x00007ffaf730a000 	C:\Windows\System32\windows.storage.dll
0x00007ffaf6a90000 - 0x00007ffaf6ab4000 	C:\Windows\System32\profapi.dll
0x00007ffaf6ae0000 - 0x00007ffaf6b3d000 	C:\Windows\System32\powrprof.dll
0x00007ffaf82f0000 - 0x00007ffaf8342000 	C:\Windows\System32\shlwapi.dll
0x00007ffaf6a70000 - 0x00007ffaf6a81000 	C:\Windows\System32\kernel.appcore.dll
0x00007ffaf7ae0000 - 0x00007ffaf7af7000 	C:\Windows\System32\cryptsp.dll
0x0000000056530000 - 0x000000005654a000 	C:\Program Files\Java\jdk1.8.0_144\jre\bin\net.dll
0x00007ffaf6250000 - 0x00007ffaf62b7000 	C:\Windows\system32\mswsock.dll
0x0000000056510000 - 0x0000000056521000 	C:\Program Files\Java\jdk1.8.0_144\jre\bin\nio.dll

VM Arguments:
jvm_args: -Dmaven.home=D:\apache-maven-3.3.9 -Dclassworlds.conf=E:\workspace\.metadata\.plugins\org.eclipse.m2e.launching\launches\m2conf7344204043180343833.tmp -Dmaven.multiModuleProjectDirectory=E:\eclipse\${workspace_loc:\taotao-manager} -Dfile.encoding=UTF-8 
java_command: org.codehaus.plexus.classworlds.launcher.Launcher -B tomcat7:run
java_class_path (initial): D:\apache-maven-3.3.9\boot\plexus-classworlds-2.5.2.jar
Launcher Type: SUN_STANDARD

Environment Variables:
JAVA_HOME=C:\Program Files\Java\jdk1.8.0_144
CLASSPATH=.;C:\Program Files\Java\jdk1.8.0_144\lib\dt.jar;C:\Program Files\Java\jdk1.8.0_144\lib\tools.jar;
PATH=C:/Program Files/Java/jdk1.8.0_144/bin/../jre/bin/server;C:/Program Files/Java/jdk1.8.0_144/bin/../jre/bin;C:/Program Files/Java/jdk1.8.0_144/bin/../jre/lib/amd64;C:\Program Files\Java\jdk1.8.0_144\bin;C:\Windows\system32;C:\Windows;C:\Windows\System32\Wbem;C:\Windows\System32\WindowsPowerShell\v1.0\;C:\Windows\System32\OpenSSH\;C:\Program Files (x86)\NVIDIA Corporation\PhysX\Common;C:\Program Files\NVIDIA Corporation\NVIDIA NvDLISR;d:\Program Files\Git\cmd;D:\apache-maven-3.3.9\bin;C:\Program Files\Java\jre1.8.0_144\bin;C:\Program Files\MySQL\MySQL Server 5.6\bin;C:\Users\Administrator\AppData\Local\Microsoft\WindowsApps;;E:\eclipse;
USERNAME=Administrator
OS=Windows_NT
PROCESSOR_IDENTIFIER=Intel64 Family 6 Model 158 Stepping 9, GenuineIntel



---------------  S Y S T E M  ---------------

OS: Windows 10.0 , 64 bit Build 17763 (10.0.17763.475)

CPU:total 4 (initial active 4) (4 cores per cpu, 1 threads per core) family 6 model 158 stepping 9, cmov, cx8, fxsr, mmx, sse, sse2, sse3, ssse3, sse4.1, sse4.2, popcnt, avx, avx2, aes, clmul, erms, 3dnowpref, lzcnt, tsc, tscinvbit, bmi1, bmi2, adx

Memory: 4k page, physical 8271080k(3150404k free), swap 23552356k(3636k free)

vm_info: Java HotSpot(TM) 64-Bit Server VM (25.144-b01) for windows-amd64 JRE (1.8.0_144-b01), built on Jul 21 2017 21:57:33 by "java_re" with MS VC++ 10.0 (VS2010)

time: Tue Feb 18 15:13:41 2020
elapsed time: 3 seconds (0d 0h 0m 3s)

