#
# There is insufficient memory for the Java Runtime Environment to continue.
# Native memory allocation (malloc) failed to allocate 32784 bytes for Chunk::new
# Possible reasons:
#   The system is out of physical RAM or swap space
#   In 32 bit mode, the process size limit was hit
# Possible solutions:
#   Reduce memory load on the system
#   Increase physical memory or swap space
#   Check if swap backing store is full
#   Use 64 bit Java on a 64 bit OS
#   Decrease Java heap size (-Xmx/-Xms)
#   Decrease number of Java threads
#   Decrease Java thread stack sizes (-Xss)
#   Set larger code cache with -XX:ReservedCodeCacheSize=
# This output file may be truncated or incomplete.
#
#  Out of Memory Error (allocation.cpp:390), pid=8468, tid=0x00000000000023f4
#
# JRE version: Java(TM) SE Runtime Environment (8.0_144-b01) (build 1.8.0_144-b01)
# Java VM: Java HotSpot(TM) 64-Bit Server VM (25.144-b01 mixed mode windows-amd64 compressed oops)
# Failed to write core dump. Minidumps are not enabled by default on client versions of Windows
#

---------------  T H R E A D  ---------------

Current thread (0x000000001791a000):  JavaThread "C2 CompilerThread0" daemon [_thread_in_native, id=9204, stack(0x0000000019280000,0x0000000019380000)]

Stack: [0x0000000019280000,0x0000000019380000]
[error occurred during error reporting (printing stack bounds), id 0xc0000005]

Native frames: (J=compiled Java code, j=interpreted, Vv=VM code, C=native code)


Current CompileTask:
C2:   7979 4104   !   4       org.apache.catalina.startup.ContextConfig::checkHandlesTypes (453 bytes)


---------------  P R O C E S S  ---------------

Java Threads: ( => current thread )
  0x000000001c708800 JavaThread "localhost-startStop-1" daemon [_thread_blocked, id=10584, stack(0x000000001c910000,0x000000001ca10000)]
  0x0000000018f3c800 JavaThread "Tomcat-startStop-1" daemon [_thread_blocked, id=12828, stack(0x000000001b600000,0x000000001b700000)]
  0x0000000018d02000 JavaThread "Service Thread" daemon [_thread_blocked, id=5308, stack(0x0000000019580000,0x0000000019680000)]
  0x0000000018cc2000 JavaThread "C1 CompilerThread2" daemon [_thread_blocked, id=204, stack(0x0000000019480000,0x0000000019580000)]
  0x0000000018c8b000 JavaThread "C2 CompilerThread1" daemon [_thread_in_native, id=10052, stack(0x0000000019380000,0x0000000019480000)]
=>0x000000001791a000 JavaThread "C2 CompilerThread0" daemon [_thread_in_native, id=9204, stack(0x0000000019280000,0x0000000019380000)]
  0x00000000178cb800 JavaThread "Attach Listener" daemon [_thread_blocked, id=13772, stack(0x0000000019180000,0x0000000019280000)]
  0x0000000018c88800 JavaThread "Signal Dispatcher" daemon [_thread_blocked, id=7424, stack(0x0000000019080000,0x0000000019180000)]
  0x00000000178a9000 JavaThread "Finalizer" daemon [_thread_blocked, id=5960, stack(0x0000000018b20000,0x0000000018c20000)]
  0x0000000002d81000 JavaThread "Reference Handler" daemon [_thread_blocked, id=7996, stack(0x0000000018a20000,0x0000000018b20000)]
  0x000000000293d800 JavaThread "main" [_thread_blocked, id=8332, stack(0x00000000027f0000,0x00000000028f0000)]

Other Threads:
  0x0000000017887000 VMThread [stack: 0x0000000018920000,0x0000000018a20000] [id=12504]
  0x0000000018d5e000 WatcherThread [stack: 0x0000000019680000,0x0000000019780000] [id=4556]

VM state:at safepoint (normal execution)

VM Mutex/Monitor currently owned by a thread:  ([mutex/lock_event])
[0x000000000293d160] Threads_lock - owner thread: 0x0000000017887000
[0x0000000002c91350] Heap_lock - owner thread: 0x000000000293d800

Heap:
 PSYoungGen      total 223744K, used 23015K [0x00000000d5f00000, 0x00000000e6380000, 0x0000000100000000)
  eden space 200704K, 0% used [0x00000000d5f00000,0x00000000d5f00000,0x00000000e2300000)
  from space 23040K, 99% used [0x00000000e2300000,0x00000000e3979f08,0x00000000e3980000)
  to   space 16896K, 0% used [0x00000000e3980000,0x00000000e3980000,0x00000000e4a00000)
 ParOldGen       total 69120K, used 41058K [0x0000000081c00000, 0x0000000085f80000, 0x00000000d5f00000)
  object space 69120K, 59% used [0x0000000081c00000,0x0000000084418990,0x0000000085f80000)
 Metaspace       used 23608K, capacity 24184K, committed 24496K, reserved 1071104K
  class space    used 2758K, capacity 2904K, committed 2992K, reserved 1048576K

Card table byte_map: [0x0000000012150000,0x0000000012550000] byte_map_base: 0x0000000011d42000

Marking Bits: (ParMarkBitMap*) 0x0000000056e6d850
 Begin Bits: [0x0000000012c00000, 0x0000000014b90000)
 End Bits:   [0x0000000014b90000, 0x0000000016b20000)

Polling page: 0x00000000007e0000

CodeCache: size=245760Kb used=12384Kb max_used=13223Kb free=233375Kb
 bounds [0x0000000002d90000, 0x0000000003ab0000, 0x0000000011d90000]
 total_blobs=3934 nmethods=3544 adapters=302
 compilation: enabled

Compilation events (10 events):
Event: 7.911 Thread 0x0000000018cc2000 4144       3       org.apache.catalina.deploy.WebXml::mergeMap (162 bytes)
Event: 7.912 Thread 0x0000000018cc2000 nmethod 4144 0x0000000002f32a50 code [0x0000000002f32d20, 0x0000000002f342a8]
Event: 7.946 Thread 0x0000000018cc2000 4145       2       java.util.regex.Pattern$CharProperty::match (56 bytes)
Event: 7.946 Thread 0x0000000018cc2000 nmethod 4145 0x0000000002fae990 code [0x0000000002faeb20, 0x0000000002faed88]
Event: 7.946 Thread 0x0000000018cc2000 4146       1       java.util.Calendar::internalSet (8 bytes)
Event: 7.946 Thread 0x0000000018cc2000 nmethod 4146 0x0000000002f32710 code [0x0000000002f32860, 0x0000000002f32990]
Event: 7.946 Thread 0x0000000018cc2000 4147       1       java.util.Calendar::getZone (5 bytes)
Event: 7.946 Thread 0x0000000018cc2000 nmethod 4147 0x0000000002ee4dd0 code [0x0000000002ee4f20, 0x0000000002ee5030]
Event: 7.948 Thread 0x0000000018cc2000 4148       1       java.util.Formatter::access$000 (5 bytes)
Event: 7.948 Thread 0x0000000018cc2000 nmethod 4148 0x0000000002fe85d0 code [0x0000000002fe8720, 0x0000000002fe8810]

GC Heap History (10 events):
Event: 4.160 GC heap after
Heap after GC invocations=5 (full 0):
 PSYoungGen      total 71680K, used 5114K [0x00000000d5f00000, 0x00000000df600000, 0x0000000100000000)
  eden space 66560K, 0% used [0x00000000d5f00000,0x00000000d5f00000,0x00000000da000000)
  from space 5120K, 99% used [0x00000000da000000,0x00000000da4feb70,0x00000000da500000)
  to   space 10752K, 0% used [0x00000000deb80000,0x00000000deb80000,0x00000000df600000)
 ParOldGen       total 87552K, used 14451K [0x0000000081c00000, 0x0000000087180000, 0x00000000d5f00000)
  object space 87552K, 16% used [0x0000000081c00000,0x0000000082a1cfa0,0x0000000087180000)
 Metaspace       used 16958K, capacity 17522K, committed 17792K, reserved 1064960K
  class space    used 1987K, capacity 2135K, committed 2176K, reserved 1048576K
}
Event: 5.400 GC heap before
{Heap before GC invocations=6 (full 0):
 PSYoungGen      total 71680K, used 32924K [0x00000000d5f00000, 0x00000000df600000, 0x0000000100000000)
  eden space 66560K, 41% used [0x00000000d5f00000,0x00000000d7a28828,0x00000000da000000)
  from space 5120K, 99% used [0x00000000da000000,0x00000000da4feb70,0x00000000da500000)
  to   space 10752K, 0% used [0x00000000deb80000,0x00000000deb80000,0x00000000df600000)
 ParOldGen       total 87552K, used 14451K [0x0000000081c00000, 0x0000000087180000, 0x00000000d5f00000)
  object space 87552K, 16% used [0x0000000081c00000,0x0000000082a1cfa0,0x0000000087180000)
 Metaspace       used 20700K, capacity 21258K, committed 21296K, reserved 1069056K
  class space    used 2448K, capacity 2591K, committed 2608K, reserved 1048576K
Event: 5.412 GC heap after
Heap after GC invocations=6 (full 0):
 PSYoungGen      total 143872K, used 8811K [0x00000000d5f00000, 0x00000000df600000, 0x0000000100000000)
  eden space 133120K, 0% used [0x00000000d5f00000,0x00000000d5f00000,0x00000000de100000)
  from space 10752K, 81% used [0x00000000deb80000,0x00000000df41afc8,0x00000000df600000)
  to   space 10752K, 0% used [0x00000000de100000,0x00000000de100000,0x00000000deb80000)
 ParOldGen       total 87552K, used 14459K [0x0000000081c00000, 0x0000000087180000, 0x00000000d5f00000)
  object space 87552K, 16% used [0x0000000081c00000,0x0000000082a1efa0,0x0000000087180000)
 Metaspace       used 20700K, capacity 21258K, committed 21296K, reserved 1069056K
  class space    used 2448K, capacity 2591K, committed 2608K, reserved 1048576K
}
Event: 5.412 GC heap before
{Heap before GC invocations=7 (full 1):
 PSYoungGen      total 143872K, used 8811K [0x00000000d5f00000, 0x00000000df600000, 0x0000000100000000)
  eden space 133120K, 0% used [0x00000000d5f00000,0x00000000d5f00000,0x00000000de100000)
  from space 10752K, 81% used [0x00000000deb80000,0x00000000df41afc8,0x00000000df600000)
  to   space 10752K, 0% used [0x00000000de100000,0x00000000de100000,0x00000000deb80000)
 ParOldGen       total 87552K, used 14459K [0x0000000081c00000, 0x0000000087180000, 0x00000000d5f00000)
  object space 87552K, 16% used [0x0000000081c00000,0x0000000082a1efa0,0x0000000087180000)
 Metaspace       used 20700K, capacity 21258K, committed 21296K, reserved 1069056K
  class space    used 2448K, capacity 2591K, committed 2608K, reserved 1048576K
Event: 5.478 GC heap after
Heap after GC invocations=7 (full 1):
 PSYoungGen      total 143872K, used 0K [0x00000000d5f00000, 0x00000000df600000, 0x0000000100000000)
  eden space 133120K, 0% used [0x00000000d5f00000,0x00000000d5f00000,0x00000000de100000)
  from space 10752K, 0% used [0x00000000deb80000,0x00000000deb80000,0x00000000df600000)
  to   space 10752K, 0% used [0x00000000de100000,0x00000000de100000,0x00000000deb80000)
 ParOldGen       total 69120K, used 15263K [0x0000000081c00000, 0x0000000085f80000, 0x00000000d5f00000)
  object space 69120K, 22% used [0x0000000081c00000,0x0000000082ae7ef8,0x0000000085f80000)
 Metaspace       used 20700K, capacity 21258K, committed 21296K, reserved 1069056K
  class space    used 2448K, capacity 2591K, committed 2608K, reserved 1048576K
}
Event: 6.769 GC heap before
{Heap before GC invocations=8 (full 1):
 PSYoungGen      total 143872K, used 133120K [0x00000000d5f00000, 0x00000000df600000, 0x0000000100000000)
  eden space 133120K, 100% used [0x00000000d5f00000,0x00000000de100000,0x00000000de100000)
  from space 10752K, 0% used [0x00000000deb80000,0x00000000deb80000,0x00000000df600000)
  to   space 10752K, 0% used [0x00000000de100000,0x00000000de100000,0x00000000deb80000)
 ParOldGen       total 69120K, used 15263K [0x0000000081c00000, 0x0000000085f80000, 0x00000000d5f00000)
  object space 69120K, 22% used [0x0000000081c00000,0x0000000082ae7ef8,0x0000000085f80000)
 Metaspace       used 23590K, capacity 24184K, committed 24496K, reserved 1071104K
  class space    used 2756K, capacity 2904K, committed 2992K, reserved 1048576K
Event: 6.782 GC heap after
Heap after GC invocations=8 (full 1):
 PSYoungGen      total 143872K, used 10723K [0x00000000d5f00000, 0x00000000e4a00000, 0x0000000100000000)
  eden space 133120K, 0% used [0x00000000d5f00000,0x00000000d5f00000,0x00000000de100000)
  from space 10752K, 99% used [0x00000000de100000,0x00000000deb78c90,0x00000000deb80000)
  to   space 16896K, 0% used [0x00000000e3980000,0x00000000e3980000,0x00000000e4a00000)
 ParOldGen       total 69120K, used 24768K [0x0000000081c00000, 0x0000000085f80000, 0x00000000d5f00000)
  object space 69120K, 35% used [0x0000000081c00000,0x0000000083430208,0x0000000085f80000)
 Metaspace       used 23590K, capacity 24184K, committed 24496K, reserved 1071104K
  class space    used 2756K, capacity 2904K, committed 2992K, reserved 1048576K
}
Event: 7.357 GC heap before
{Heap before GC invocations=9 (full 1):
 PSYoungGen      total 143872K, used 143843K [0x00000000d5f00000, 0x00000000e4a00000, 0x0000000100000000)
  eden space 133120K, 100% used [0x00000000d5f00000,0x00000000de100000,0x00000000de100000)
  from space 10752K, 99% used [0x00000000de100000,0x00000000deb78c90,0x00000000deb80000)
  to   space 16896K, 0% used [0x00000000e3980000,0x00000000e3980000,0x00000000e4a00000)
 ParOldGen       total 69120K, used 24768K [0x0000000081c00000, 0x0000000085f80000, 0x00000000d5f00000)
  object space 69120K, 35% used [0x0000000081c00000,0x0000000083430208,0x0000000085f80000)
 Metaspace       used 23594K, capacity 24184K, committed 24496K, reserved 1071104K
  class space    used 2756K, capacity 2904K, committed 2992K, reserved 1048576K
Event: 7.386 GC heap after
Heap after GC invocations=9 (full 1):
 PSYoungGen      total 217600K, used 16875K [0x00000000d5f00000, 0x00000000e6380000, 0x0000000100000000)
  eden space 200704K, 0% used [0x00000000d5f00000,0x00000000d5f00000,0x00000000e2300000)
  from space 16896K, 99% used [0x00000000e3980000,0x00000000e49fafb0,0x00000000e4a00000)
  to   space 23040K, 0% used [0x00000000e2300000,0x00000000e2300000,0x00000000e3980000)
 ParOldGen       total 69120K, used 33508K [0x0000000081c00000, 0x0000000085f80000, 0x00000000d5f00000)
  object space 69120K, 48% used [0x0000000081c00000,0x0000000083cb91a8,0x0000000085f80000)
 Metaspace       used 23594K, capacity 24184K, committed 24496K, reserved 1071104K
  class space    used 2756K, capacity 2904K, committed 2992K, reserved 1048576K
}
Event: 7.948 GC heap before
{Heap before GC invocations=10 (full 1):
 PSYoungGen      total 217600K, used 163751K [0x00000000d5f00000, 0x00000000e6380000, 0x0000000100000000)
  eden space 200704K, 73% used [0x00000000d5f00000,0x00000000dee6eca8,0x00000000e2300000)
  from space 16896K, 99% used [0x00000000e3980000,0x00000000e49fafb0,0x00000000e4a00000)
  to   space 23040K, 0% used [0x00000000e2300000,0x00000000e2300000,0x00000000e3980000)
 ParOldGen       total 69120K, used 33508K [0x0000000081c00000, 0x0000000085f80000, 0x00000000d5f00000)
  object space 69120K, 48% used [0x0000000081c00000,0x0000000083cb91a8,0x0000000085f80000)
 Metaspace       used 23608K, capacity 24184K, committed 24496K, reserved 1071104K
  class space    used 2758K, capacity 2904K, committed 2992K, reserved 1048576K

Deoptimization events (10 events):
Event: 5.923 Thread 0x000000001c708800 Uncommon trap: reason=speculate_class_check action=maybe_recompile pc=0x000000000366eab4 method=java.nio.charset.CharsetDecoder.reset()Ljava/nio/charset/CharsetDecoder; @ 1
Event: 5.934 Thread 0x000000001c708800 Uncommon trap: reason=unstable_if action=reinterpret pc=0x000000000372f6ec method=java.util.concurrent.ConcurrentHashMap.replaceNode(Ljava/lang/Object;Ljava/lang/Object;Ljava/lang/Object;)Ljava/lang/Object; @ 47
Event: 6.301 Thread 0x000000001c708800 Uncommon trap: reason=unstable_if action=reinterpret pc=0x0000000002f214c0 method=java.io.DataInputStream.readUTF(Ljava/io/DataInput;)Ljava/lang/String; @ 112
Event: 6.350 Thread 0x000000001c708800 Uncommon trap: reason=unloaded action=reinterpret pc=0x000000000384607c method=org.apache.tomcat.util.bcel.classfile.Attribute.readAttribute(Ljava/io/DataInputStream;Lorg/apache/tomcat/util/bcel/classfile/ConstantPool;)Lorg/apache/tomcat/util/bcel/classfi
Event: 6.481 Thread 0x000000001c708800 Uncommon trap: reason=unstable_if action=reinterpret pc=0x0000000002fbde14 method=org.apache.tomcat.util.bcel.classfile.ConstantUtf8$1.removeEldestEntry(Ljava/util/Map$Entry;)Z @ 7
Event: 6.577 Thread 0x000000001c708800 Uncommon trap: reason=unstable_if action=reinterpret pc=0x00000000039c46b8 method=org.codehaus.plexus.classworlds.realm.Entry.matches(Ljava/lang/String;)Z @ 209
Event: 7.947 Thread 0x0000000018f3c800 Uncommon trap: reason=class_check action=maybe_recompile pc=0x0000000003107b40 method=java.lang.Throwable.<init>(Ljava/lang/String;Ljava/lang/Throwable;)V @ 24
Event: 7.947 Thread 0x000000000293d800 Uncommon trap: reason=class_check action=maybe_recompile pc=0x0000000003107b40 method=java.lang.Throwable.<init>(Ljava/lang/String;Ljava/lang/Throwable;)V @ 24
Event: 7.947 Thread 0x000000000293d800 Uncommon trap: reason=class_check action=maybe_recompile pc=0x0000000003107b40 method=java.lang.Throwable.<init>(Ljava/lang/String;Ljava/lang/Throwable;)V @ 24
Event: 7.947 Thread 0x000000000293d800 Uncommon trap: reason=class_check action=maybe_recompile pc=0x0000000003107b40 method=java.lang.Throwable.<init>(Ljava/lang/String;Ljava/lang/Throwable;)V @ 24

Internal exceptions (10 events):
Event: 2.425 Thread 0x000000000293d800 Implicit null exception at 0x0000000003118aaf to 0x0000000003118b19
Event: 2.429 Thread 0x000000000293d800 Implicit null exception at 0x000000000336ce2b to 0x000000000336d61d
Event: 2.429 Thread 0x000000000293d800 Implicit null exception at 0x00000000030c78fb to 0x00000000030c7ee9
Event: 3.289 Thread 0x000000000293d800 Implicit null exception at 0x00000000035815e8 to 0x00000000035826d5
Event: 3.726 Thread 0x000000000293d800 Implicit null exception at 0x000000000369af61 to 0x000000000369c17a
Event: 4.339 Thread 0x000000000293d800 Exception <a 'java/io/FileNotFoundException'> (0x00000000d6c8bab0) thrown at [C:\re\workspace\8-2-build-windows-amd64-cygwin\jdk8u144\9417\hotspot\src\share\vm\prims\jni.cpp, line 709]
Event: 5.801 Thread 0x000000001c708800 Implicit null exception at 0x0000000003044b56 to 0x0000000003044ee9
Event: 5.801 Thread 0x000000001c708800 Implicit null exception at 0x0000000002fab2d6 to 0x0000000002fab665
Event: 5.934 Thread 0x000000001c708800 Implicit null exception at 0x000000000372f169 to 0x000000000372f6b1
Event: 7.945 Thread 0x000000001c708800 Exception <a 'java/lang/OutOfMemoryError'> (0x00000000dea47588) thrown at [C:\re\workspace\8-2-build-windows-amd64-cygwin\jdk8u144\9417\hotspot\src\share\vm\prims\jni.cpp, line 735]

Events (10 events):
Event: 7.947 Thread 0x000000000293d800 Uncommon trap: trap_request=0xffffffde fr.pc=0x0000000003107b40
Event: 7.947 Thread 0x000000000293d800 DEOPT PACKING pc=0x0000000003107b40 sp=0x00000000028edad0
Event: 7.947 Thread 0x000000000293d800 DEOPT UNPACKING pc=0x0000000002dd582a sp=0x00000000028edaa0 mode 2
Event: 7.947 Thread 0x000000000293d800 Uncommon trap: trap_request=0xffffffde fr.pc=0x0000000003107b40
Event: 7.947 Thread 0x000000000293d800 DEOPT PACKING pc=0x0000000003107b40 sp=0x00000000028edbe0
Event: 7.947 Thread 0x000000000293d800 DEOPT UNPACKING pc=0x0000000002dd582a sp=0x00000000028edbb0 mode 2
Event: 7.947 Thread 0x000000000293d800 Uncommon trap: trap_request=0xffffffde fr.pc=0x0000000003107b40
Event: 7.947 Thread 0x000000000293d800 DEOPT PACKING pc=0x0000000003107b40 sp=0x00000000028edcd0
Event: 7.947 Thread 0x000000000293d800 DEOPT UNPACKING pc=0x0000000002dd582a sp=0x00000000028edca0 mode 2
Event: 7.948 Executing VM operation: ParallelGCSystemGC


Dynamic libraries:
0x00007ff7c3a80000 - 0x00007ff7c3ab7000 	C:\Program Files\Java\jdk1.8.0_144\bin\javaw.exe
0x00007ffafaa70000 - 0x00007ffafac5d000 	C:\Windows\SYSTEM32\ntdll.dll
0x00007ffaf8180000 - 0x00007ffaf8233000 	C:\Windows\System32\KERNEL32.DLL
0x00007ffaf7750000 - 0x00007ffaf79e3000 	C:\Windows\System32\KERNELBASE.dll
0x00007ffaf8c50000 - 0x00007ffaf8cf3000 	C:\Windows\System32\ADVAPI32.dll
0x00007ffaf8bb0000 - 0x00007ffaf8c4e000 	C:\Windows\System32\msvcrt.dll
0x00007ffaf8350000 - 0x00007ffaf83ee000 	C:\Windows\System32\sechost.dll
0x00007ffaf9270000 - 0x00007ffaf9392000 	C:\Windows\System32\RPCRT4.dll
0x00007ffaf8d00000 - 0x00007ffaf8e97000 	C:\Windows\System32\USER32.dll
0x00007ffaf7a90000 - 0x00007ffaf7ab0000 	C:\Windows\System32\win32u.dll
0x00007ffaf7f20000 - 0x00007ffaf7f49000 	C:\Windows\System32\GDI32.dll
0x00007ffaf7b00000 - 0x00007ffaf7c99000 	C:\Windows\System32\gdi32full.dll
0x00007ffaf79f0000 - 0x00007ffaf7a90000 	C:\Windows\System32\msvcp_win.dll
0x00007ffaf7310000 - 0x00007ffaf740a000 	C:\Windows\System32\ucrtbase.dll
0x00007ffae0600000 - 0x00007ffae0879000 	C:\Windows\WinSxS\amd64_microsoft.windows.common-controls_6595b64144ccf1df_6.0.17763.652_none_05b13fdc0722da13\COMCTL32.dll
0x00007ffaf8f40000 - 0x00007ffaf926c000 	C:\Windows\System32\combase.dll
0x00007ffaf6b40000 - 0x00007ffaf6bbe000 	C:\Windows\System32\bcryptPrimitives.dll
0x00007ffaf8b60000 - 0x00007ffaf8b8e000 	C:\Windows\System32\IMM32.DLL
0x00000000560c0000 - 0x0000000056192000 	C:\Program Files\Java\jdk1.8.0_144\jre\bin\msvcr100.dll
0x0000000056650000 - 0x0000000056eed000 	C:\Program Files\Java\jdk1.8.0_144\jre\bin\server\jvm.dll
0x00007ffaf8ba0000 - 0x00007ffaf8ba8000 	C:\Windows\System32\PSAPI.DLL
0x00007ffaf4150000 - 0x00007ffaf4174000 	C:\Windows\SYSTEM32\WINMM.dll
0x00007ffaf0930000 - 0x00007ffaf093a000 	C:\Windows\SYSTEM32\VERSION.dll
0x00007ffae2c50000 - 0x00007ffae2c59000 	C:\Windows\SYSTEM32\WSOCK32.dll
0x00007ffaf8af0000 - 0x00007ffaf8b5d000 	C:\Windows\System32\WS2_32.dll
0x00007ffaf4070000 - 0x00007ffaf409d000 	C:\Windows\SYSTEM32\winmmbase.dll
0x00007ffaf7700000 - 0x00007ffaf774a000 	C:\Windows\System32\cfgmgr32.dll
0x0000000057270000 - 0x000000005727f000 	C:\Program Files\Java\jdk1.8.0_144\jre\bin\verify.dll
0x0000000057240000 - 0x0000000057269000 	C:\Program Files\Java\jdk1.8.0_144\jre\bin\java.dll
0x0000000056550000 - 0x0000000056566000 	C:\Program Files\Java\jdk1.8.0_144\jre\bin\zip.dll
0x00007ffaf93a0000 - 0x00007ffafa890000 	C:\Windows\System32\SHELL32.dll
0x00007ffaf8870000 - 0x00007ffaf8918000 	C:\Windows\System32\shcore.dll
0x00007ffaf6bc0000 - 0x00007ffaf730a000 	C:\Windows\System32\windows.storage.dll
0x00007ffaf6a90000 - 0x00007ffaf6ab4000 	C:\Windows\System32\profapi.dll
0x00007ffaf6ae0000 - 0x00007ffaf6b3d000 	C:\Windows\System32\powrprof.dll
0x00007ffaf82f0000 - 0x00007ffaf8342000 	C:\Windows\System32\shlwapi.dll
0x00007ffaf6a70000 - 0x00007ffaf6a81000 	C:\Windows\System32\kernel.appcore.dll
0x00007ffaf7ae0000 - 0x00007ffaf7af7000 	C:\Windows\System32\cryptsp.dll
0x0000000056530000 - 0x000000005654a000 	C:\Program Files\Java\jdk1.8.0_144\jre\bin\net.dll
0x00007ffaf6250000 - 0x00007ffaf62b7000 	C:\Windows\system32\mswsock.dll
0x0000000056510000 - 0x0000000056521000 	C:\Program Files\Java\jdk1.8.0_144\jre\bin\nio.dll
0x00007ffaf5dd0000 - 0x00007ffaf5e03000 	C:\Windows\system32\rsaenh.dll
0x00007ffaf7ab0000 - 0x00007ffaf7ad6000 	C:\Windows\System32\bcrypt.dll
0x00007ffaf69a0000 - 0x00007ffaf69c8000 	C:\Windows\SYSTEM32\USERENV.dll
0x00007ffaf6420000 - 0x00007ffaf642c000 	C:\Windows\SYSTEM32\CRYPTBASE.dll
0x00007ffaf5f70000 - 0x00007ffaf5fad000 	C:\Windows\SYSTEM32\IPHLPAPI.DLL
0x00007ffaf7dd0000 - 0x00007ffaf7dd8000 	C:\Windows\System32\NSI.dll
0x00007ffaf52b0000 - 0x00007ffaf52c6000 	C:\Windows\SYSTEM32\dhcpcsvc6.DLL
0x00007ffaf5290000 - 0x00007ffaf52ac000 	C:\Windows\SYSTEM32\dhcpcsvc.DLL
0x00007ffaf5fb0000 - 0x00007ffaf6076000 	C:\Windows\SYSTEM32\DNSAPI.dll
0x0000000056480000 - 0x000000005648d000 	C:\Program Files\Java\jdk1.8.0_144\jre\bin\management.dll

VM Arguments:
jvm_args: -Dmaven.home=D:\apache-maven-3.3.9 -Dclassworlds.conf=E:\workspace\.metadata\.plugins\org.eclipse.m2e.launching\launches\m2conf6736824372212710714.tmp -Dmaven.multiModuleProjectDirectory=E:\eclipse\${workspace_loc:\taotao-manager} -Dfile.encoding=UTF-8 
java_command: org.codehaus.plexus.classworlds.launcher.Launcher -B tomcat7:run
java_class_path (initial): D:\apache-maven-3.3.9\boot\plexus-classworlds-2.5.2.jar
Launcher Type: SUN_STANDARD

Environment Variables:
JAVA_HOME=C:\Program Files\Java\jdk1.8.0_144
CLASSPATH=.;C:\Program Files\Java\jdk1.8.0_144\lib\dt.jar;C:\Program Files\Java\jdk1.8.0_144\lib\tools.jar;
PATH=C:/Program Files/Java/jdk1.8.0_144/bin/../jre/bin/server;C:/Program Files/Java/jdk1.8.0_144/bin/../jre/bin;C:/Program Files/Java/jdk1.8.0_144/bin/../jre/lib/amd64;C:\Program Files\Java\jdk1.8.0_144\bin;C:\Windows\system32;C:\Windows;C:\Windows\System32\Wbem;C:\Windows\System32\WindowsPowerShell\v1.0\;C:\Windows\System32\OpenSSH\;C:\Program Files (x86)\NVIDIA Corporation\PhysX\Common;C:\Program Files\NVIDIA Corporation\NVIDIA NvDLISR;d:\Program Files\Git\cmd;D:\apache-maven-3.3.9\bin;C:\Program Files\Java\jre1.8.0_144\bin;C:\Program Files\MySQL\MySQL Server 5.6\bin;C:\Users\Administrator\AppData\Local\Microsoft\WindowsApps;;E:\eclipse;
USERNAME=Administrator
OS=Windows_NT
PROCESSOR_IDENTIFIER=Intel64 Family 6 Model 158 Stepping 9, GenuineIntel



---------------  S Y S T E M  ---------------

OS: Windows 10.0 , 64 bit Build 17763 (10.0.17763.475)

CPU:total 4 (initial active 4) (4 cores per cpu, 1 threads per core) family 6 model 158 stepping 9, cmov, cx8, fxsr, mmx, sse, sse2, sse3, ssse3, sse4.1, sse4.2, popcnt, avx, avx2, aes, clmul, erms, 3dnowpref, lzcnt, tsc, tscinvbit, bmi1, bmi2, adx

Memory: 4k page, physical 8271080k(3084880k free), swap 23552356k(2916k free)

vm_info: Java HotSpot(TM) 64-Bit Server VM (25.144-b01) for windows-amd64 JRE (1.8.0_144-b01), built on Jul 21 2017 21:57:33 by "java_re" with MS VC++ 10.0 (VS2010)

time: Tue Feb 18 15:14:54 2020
elapsed time: 7 seconds (0d 0h 0m 7s)

